<?xml version="1.0" encoding="utf-8"?><testsuites name="pytest tests"><testsuite name="pytest" errors="0" failures="0" skipped="0" tests="36" time="22.698" timestamp="2026-07-02T23:12:07.894990+00:00" hostname="agent-env-d91cdcd2-dfa1-4c49-8fc1-08dd28107e3d"><testcase classname="test_period_and_time.TestLoginRegression" name="test_seeded_admin_login" time="0.537" /><testcase classname="test_period_and_time.TestLoginRegression" name="test_seeded_user_login" time="0.408" /><testcase classname="test_period_and_time.TestDeliveryTime" name="test_explicit_time_is_stored" time="0.831" /><testcase classname="test_period_and_time.TestDeliveryTime" name="test_auto_ist_time_when_omitted" time="0.131" /><testcase classname="test_period_and_time.TestDeliveryTime" name="test_update_time_preserves_version" time="1.239" /><testcase classname="test_period_and_time.TestPeriodAnalysis" name="test_weekly" time="0.986" /><testcase classname="test_period_and_time.TestPeriodAnalysis" name="test_monthly" time="0.135" /><testcase classname="test_period_and_time.TestPeriodAnalysis" name="test_yearly" time="0.152" /><testcase classname="test_period_and_time.TestPeriodAnalysis" name="test_custom_ok" time="0.178" /><testcase classname="test_period_and_time.TestPeriodAnalysis" name="test_custom_missing_dates_400" time="0.135" /><testcase classname="test_period_and_time.TestPeriodAnalysis" name="test_customer_filter" time="0.607" /><testcase classname="backend_test.TestHealth" name="test_root" time="0.127" /><testcase classname="backend_test.TestAuth" name="test_login_admin_ok" time="0.350" /><testcase classname="backend_test.TestAuth" name="test_login_user_ok" time="0.357" /><testcase classname="backend_test.TestAuth" name="test_login_bad_creds" time="0.390" /><testcase classname="backend_test.TestAuth" name="test_me" time="0.503" /><testcase classname="backend_test.TestAuth" name="test_me_missing_token" time="0.154" /><testcase classname="backend_test.TestAuth" name="test_change_name" time="0.813" /><testcase classname="backend_test.TestAuth" name="test_change_password_rotates_token" time="2.157" /><testcase classname="backend_test.TestAuth" name="test_change_email_validation" time="1.141" /><testcase classname="backend_test.TestUserMgmt" name="test_list_users_admin" time="0.538" /><testcase classname="backend_test.TestUserMgmt" name="test_list_users_non_admin_forbidden" time="0.503" /><testcase classname="backend_test.TestUserMgmt" name="test_user_crud_flow" time="1.535" /><testcase classname="backend_test.TestUserMgmt" name="test_non_admin_cant_create_user" time="0.495" /><testcase classname="backend_test.TestCustomers" name="test_customer_crud" time="0.967" /><testcase classname="backend_test.TestDrivers" name="test_driver_crud" time="0.758" /><testcase classname="backend_test.TestDeliveries" name="test_delivery_create_and_filters" time="2.315" /><testcase classname="backend_test.TestDashboard" name="test_dashboard_shape" time="0.497" /><testcase classname="backend_test.TestReports" name="test_customer_summary" time="0.422" /><testcase classname="backend_test.TestReports" name="test_driver_summary" time="0.426" /><testcase classname="backend_test.TestReports" name="test_product_summary" time="0.429" /><testcase classname="backend_test.TestAudit" name="test_audit_admin_only" time="0.471" /><testcase classname="backend_test.TestAudit" name="test_audit_admin_ok" time="0.447" /><testcase classname="backend_test.TestSettings" name="test_get_settings" time="0.435" /><testcase classname="backend_test.TestSettings" name="test_update_settings_admin" time="0.620" /><testcase classname="backend_test.TestSettings" name="test_update_settings_non_admin_forbidden" time="0.422" /></testsuite></testsuites>