<?xml version="1.0" encoding="utf-8"?><testsuites name="pytest tests"><testsuite name="pytest" errors="0" failures="1" skipped="0" tests="25" time="102.359" timestamp="2026-06-29T15:43:08.097114+00:00" hostname="agent-env-d91cdcd2-dfa1-4c49-8fc1-08dd28107e3d"><testcase classname="backend_test.TestHealth" name="test_root" time="0.148" /><testcase classname="backend_test.TestAuth" name="test_login_admin_ok" time="0.337" /><testcase classname="backend_test.TestAuth" name="test_login_user_ok" time="0.321" /><testcase classname="backend_test.TestAuth" name="test_login_bad_creds" time="0.324" /><testcase classname="backend_test.TestAuth" name="test_me" time="0.444" /><testcase classname="backend_test.TestAuth" name="test_me_missing_token" time="0.093" /><testcase classname="backend_test.TestAuth" name="test_change_name" time="0.664" /><testcase classname="backend_test.TestAuth" name="test_change_password_rotates_token" time="2.516" /><testcase classname="backend_test.TestAuth" name="test_change_email_validation" time="0.995" /><testcase classname="backend_test.TestUserMgmt" name="test_list_users_admin" time="0.421" /><testcase classname="backend_test.TestUserMgmt" name="test_list_users_non_admin_forbidden" time="0.424" /><testcase classname="backend_test.TestUserMgmt" name="test_user_crud_flow" time="1.367" /><testcase classname="backend_test.TestUserMgmt" name="test_non_admin_cant_create_user" time="0.413" /><testcase classname="backend_test.TestCustomers" name="test_customer_crud" time="0.747" /><testcase classname="backend_test.TestDrivers" name="test_driver_crud" time="0.745" /><testcase classname="backend_test.TestDeliveries" name="test_delivery_create_and_filters" time="2.420" /><testcase classname="backend_test.TestDashboard" name="test_dashboard_shape" time="0.420" /><testcase classname="backend_test.TestReports" name="test_customer_summary" time="0.419" /><testcase classname="backend_test.TestReports" name="test_driver_summary" time="85.775" /><testcase classname="backend_test.TestReports" name="test_product_summary" time="0.527" /><testcase classname="backend_test.TestAudit" name="test_audit_admin_only" time="0.555" /><testcase classname="backend_test.TestAudit" name="test_audit_admin_ok" time="0.704"><failure message="assert 500 == 200&#10; +  where 500 = &lt;Response [500]&gt;.status_code">E   assert 500 == 200
     +  where 500 = &lt;Response [500]&gt;.status_code</failure></testcase><testcase classname="backend_test.TestSettings" name="test_get_settings" time="0.443" /><testcase classname="backend_test.TestSettings" name="test_update_settings_admin" time="0.653" /><testcase classname="backend_test.TestSettings" name="test_update_settings_non_admin_forbidden" time="0.421" /></testsuite></testsuites>