<?xml version="1.0" encoding="utf-8"?><testsuites name="pytest tests"><testsuite name="pytest" errors="0" failures="0" skipped="0" tests="9" time="2.348" timestamp="2026-07-02T23:18:35.323160+00:00" hostname="agent-env-d91cdcd2-dfa1-4c49-8fc1-08dd28107e3d"><testcase classname="backend.tests.test_settings_defaults.TestSettingsBundleDefault" name="test_put_bundle_and_mix_namkeen" time="0.577" /><testcase classname="backend.tests.test_settings_defaults.TestSettingsBundleDefault" name="test_get_returns_persisted_values" time="0.145" /><testcase classname="backend.tests.test_settings_defaults.TestSettingsBundleDefault" name="test_switch_to_boxes_and_namkeen_combo" time="0.275" /><testcase classname="backend.tests.test_settings_defaults.TestDeliveryPersistsBundleUnit" name="test_setup_bundle_settings" time="0.157" /><testcase classname="backend.tests.test_settings_defaults.TestDeliveryPersistsBundleUnit" name="test_seed_customer_and_driver" time="0.296" /><testcase classname="backend.tests.test_settings_defaults.TestDeliveryPersistsBundleUnit" name="test_create_delivery_with_bundle" time="0.149" /><testcase classname="backend.tests.test_settings_defaults.TestDeliveryPersistsBundleUnit" name="test_get_delivery_verifies_persistence" time="0.145" /><testcase classname="backend.tests.test_settings_defaults.TestDeliveryPersistsBundleUnit" name="test_cleanup" time="0.441" /><testcase classname="backend.tests.test_settings_defaults.TestRestoreSafeDefaults" name="test_restore_defaults" time="0.137" /></testsuite></testsuites>